{"C:\\Users\\jhoww\\Documents\\Etec\\jsExperts\\modulo07\\behavioral\\02.observer\\src\\events\\payment.js": {"path":"C:\\Users\\jhoww\\Documents\\Etec\\jsExperts\\modulo07\\behavioral\\02.observer\\src\\events\\payment.js","all":false,"statementMap":{"0":{"start":{"line":1,"column":0},"end":{"line":1,"column":30}},"1":{"start":{"line":2,"column":0},"end":{"line":2,"column":31}},"2":{"start":{"line":3,"column":0},"end":{"line":3,"column":40}},"3":{"start":{"line":4,"column":0},"end":{"line":4,"column":3}},"4":{"start":{"line":5,"column":0},"end":{"line":5,"column":0}},"5":{"start":{"line":6,"column":0},"end":{"line":6,"column":27}},"6":{"start":{"line":7,"column":0},"end":{"line":7,"column":67}},"7":{"start":{"line":8,"column":0},"end":{"line":8,"column":43}},"8":{"start":{"line":9,"column":0},"end":{"line":9,"column":3}},"9":{"start":{"line":10,"column":0},"end":{"line":10,"column":1}}},"s":{"0":1,"1":1,"2":2,"3":2,"4":1,"5":1,"6":2,"7":2,"8":2,"9":1},"branchMap":{"0":{"type":"branch","line":2,"loc":{"start":{"line":2,"column":2},"end":{"line":4,"column":3}},"locations":[{"start":{"line":2,"column":2},"end":{"line":4,"column":3}}]},"1":{"type":"branch","line":6,"loc":{"start":{"line":6,"column":2},"end":{"line":9,"column":3}},"locations":[{"start":{"line":6,"column":2},"end":{"line":9,"column":3}}]}},"b":{"0":[2],"1":[2]},"fnMap":{"0":{"name":"Payment","decl":{"start":{"line":2,"column":2},"end":{"line":4,"column":3}},"loc":{"start":{"line":2,"column":2},"end":{"line":4,"column":3}},"line":2},"1":{"name":"creditCard","decl":{"start":{"line":6,"column":2},"end":{"line":9,"column":3}},"loc":{"start":{"line":6,"column":2},"end":{"line":9,"column":3}},"line":6}},"f":{"0":2,"1":2}}
,"C:\\Users\\jhoww\\Documents\\Etec\\jsExperts\\modulo07\\behavioral\\02.observer\\src\\observers\\marketing.js": {"path":"C:\\Users\\jhoww\\Documents\\Etec\\jsExperts\\modulo07\\behavioral\\02.observer\\src\\observers\\marketing.js","all":false,"statementMap":{"0":{"start":{"line":1,"column":0},"end":{"line":1,"column":32}},"1":{"start":{"line":2,"column":0},"end":{"line":2,"column":89}},"2":{"start":{"line":3,"column":0},"end":{"line":3,"column":94}},"3":{"start":{"line":4,"column":0},"end":{"line":4,"column":30}},"4":{"start":{"line":5,"column":0},"end":{"line":5,"column":26}},"5":{"start":{"line":6,"column":0},"end":{"line":6,"column":81}},"6":{"start":{"line":7,"column":0},"end":{"line":7,"column":3}},"7":{"start":{"line":8,"column":0},"end":{"line":8,"column":1}}},"s":{"0":1,"1":1,"2":1,"3":1,"4":1,"5":1,"6":1,"7":1},"branchMap":{"0":{"type":"branch","line":5,"loc":{"start":{"line":5,"column":2},"end":{"line":7,"column":3}},"locations":[{"start":{"line":5,"column":2},"end":{"line":7,"column":3}}]}},"b":{"0":[1]},"fnMap":{"0":{"name":"update","decl":{"start":{"line":5,"column":2},"end":{"line":7,"column":3}},"loc":{"start":{"line":5,"column":2},"end":{"line":7,"column":3}},"line":5}},"f":{"0":1}}
,"C:\\Users\\jhoww\\Documents\\Etec\\jsExperts\\modulo07\\behavioral\\02.observer\\src\\observers\\shipment.js": {"path":"C:\\Users\\jhoww\\Documents\\Etec\\jsExperts\\modulo07\\behavioral\\02.observer\\src\\observers\\shipment.js","all":false,"statementMap":{"0":{"start":{"line":1,"column":0},"end":{"line":1,"column":31}},"1":{"start":{"line":2,"column":0},"end":{"line":2,"column":26}},"2":{"start":{"line":3,"column":0},"end":{"line":3,"column":81}},"3":{"start":{"line":4,"column":0},"end":{"line":4,"column":3}},"4":{"start":{"line":5,"column":0},"end":{"line":5,"column":1}}},"s":{"0":1,"1":1,"2":1,"3":1,"4":1},"branchMap":{"0":{"type":"branch","line":2,"loc":{"start":{"line":2,"column":2},"end":{"line":4,"column":3}},"locations":[{"start":{"line":2,"column":2},"end":{"line":4,"column":3}}]}},"b":{"0":[1]},"fnMap":{"0":{"name":"update","decl":{"start":{"line":2,"column":2},"end":{"line":4,"column":3}},"loc":{"start":{"line":2,"column":2},"end":{"line":4,"column":3}},"line":2}},"f":{"0":1}}
,"C:\\Users\\jhoww\\Documents\\Etec\\jsExperts\\modulo07\\behavioral\\02.observer\\src\\subjects\\paymentSubject.js": {"path":"C:\\Users\\jhoww\\Documents\\Etec\\jsExperts\\modulo07\\behavioral\\02.observer\\src\\subjects\\paymentSubject.js","all":false,"statementMap":{"0":{"start":{"line":1,"column":0},"end":{"line":1,"column":37}},"1":{"start":{"line":2,"column":0},"end":{"line":2,"column":24}},"2":{"start":{"line":3,"column":0},"end":{"line":3,"column":16}},"3":{"start":{"line":4,"column":0},"end":{"line":4,"column":62}},"4":{"start":{"line":5,"column":0},"end":{"line":5,"column":3}},"5":{"start":{"line":6,"column":0},"end":{"line":6,"column":0}},"6":{"start":{"line":7,"column":0},"end":{"line":7,"column":26}},"7":{"start":{"line":8,"column":0},"end":{"line":8,"column":37}},"8":{"start":{"line":9,"column":0},"end":{"line":9,"column":3}},"9":{"start":{"line":10,"column":0},"end":{"line":10,"column":0}},"10":{"start":{"line":11,"column":0},"end":{"line":11,"column":25}},"11":{"start":{"line":12,"column":0},"end":{"line":12,"column":35}},"12":{"start":{"line":13,"column":0},"end":{"line":13,"column":3}},"13":{"start":{"line":14,"column":0},"end":{"line":14,"column":1}}},"s":{"0":1,"1":4,"2":4,"3":4,"4":4,"5":4,"6":4,"7":1,"8":1,"9":4,"10":4,"11":4,"12":4,"13":4},"branchMap":{"0":{"type":"branch","line":1,"loc":{"start":{"line":1,"column":15},"end":{"line":14,"column":1}},"locations":[{"start":{"line":1,"column":15},"end":{"line":14,"column":1}}]},"1":{"type":"branch","line":3,"loc":{"start":{"line":3,"column":2},"end":{"line":5,"column":3}},"locations":[{"start":{"line":3,"column":2},"end":{"line":5,"column":3}}]},"2":{"type":"branch","line":4,"loc":{"start":{"line":4,"column":28},"end":{"line":4,"column":61}},"locations":[{"start":{"line":4,"column":28},"end":{"line":4,"column":61}}]},"3":{"type":"branch","line":7,"loc":{"start":{"line":7,"column":2},"end":{"line":9,"column":3}},"locations":[{"start":{"line":7,"column":2},"end":{"line":9,"column":3}}]},"4":{"type":"branch","line":11,"loc":{"start":{"line":11,"column":2},"end":{"line":13,"column":3}},"locations":[{"start":{"line":11,"column":2},"end":{"line":13,"column":3}}]}},"b":{"0":[4],"1":[4],"2":[3],"3":[1],"4":[4]},"fnMap":{"0":{"name":"<instance_members_initializer>","decl":{"start":{"line":1,"column":15},"end":{"line":14,"column":1}},"loc":{"start":{"line":1,"column":15},"end":{"line":14,"column":1}},"line":1},"1":{"name":"notify","decl":{"start":{"line":3,"column":2},"end":{"line":5,"column":3}},"loc":{"start":{"line":3,"column":2},"end":{"line":5,"column":3}},"line":3},"2":{"name":"unsubscribe","decl":{"start":{"line":7,"column":2},"end":{"line":9,"column":3}},"loc":{"start":{"line":7,"column":2},"end":{"line":9,"column":3}},"line":7},"3":{"name":"subscribe","decl":{"start":{"line":11,"column":2},"end":{"line":13,"column":3}},"loc":{"start":{"line":11,"column":2},"end":{"line":13,"column":3}},"line":11}},"f":{"0":4,"1":4,"2":1,"3":4}}
}
